<?xml version="1.0" encoding="UTF-8"?>
<!-- Generated by org.testng.reporters.JUnitReportReporter -->
<testsuite hostname="DESKTOP-1FJC9IP" failures="0" tests="1" name="com.Bridgelabz.qa.api.automation.RestAssured_API_Automation" time="4.739" errors="0" timestamp="2022-08-07T14:21:39 IST" skipped="0">
  <testcase classname="com.Bridgelabz.qa.api.automation.RestAssured_API_Automation" name="Get_Current_Users_Profile" time="4.739"/>
  <system-out/>
</testsuite> <!-- com.Bridgelabz.qa.api.automation.RestAssured_API_Automation -->
