<?xml version="1.0" encoding="UTF-8"?>
<!-- Generated by org.testng.reporters.JUnitReportReporter -->
<testsuite hostname="DESKTOP-1FJC9IP" failures="0" tests="1" name="com.Bridgelabz.qa.api.automation.RestAssured_Spotify_API_AUtomation" time="3.726" errors="0" timestamp="2022-08-08T23:50:11 IST" skipped="0">
  <testcase classname="com.Bridgelabz.qa.api.automation.RestAssured_Spotify_API_AUtomation" name="Get_Tracks_Audio_Features" time="3.726"/>
  <system-out/>
</testsuite> <!-- com.Bridgelabz.qa.api.automation.RestAssured_Spotify_API_AUtomation -->
